{"/home/thegera/Documents/findep/threejs_portfolio/src/components/Button.tsx": {"path":"/home/thegera/Documents/findep/threejs_portfolio/src/components/Button.tsx","statementMap":{"0":{"start":{"line":3,"column":15},"end":{"line":19,"column":null}},"1":{"start":{"line":4,"column":2},"end":{"line":17,"column":null}}},"fnMap":{"0":{"name":"(anonymous_0)","decl":{"start":{"line":3,"column":15},"end":{"line":3,"column":16}},"loc":{"start":{"line":3,"column":70},"end":{"line":19,"column":null}},"line":3}},"branchMap":{"0":{"loc":{"start":{"line":8,"column":10},"end":{"line":12,"column":null}},"type":"binary-expr","locations":[{"start":{"line":8,"column":10},"end":{"line":8,"column":null}},{"start":{"line":9,"column":10},"end":{"line":12,"column":null}}],"line":8}},"s":{"0":2,"1":6},"f":{"0":6},"b":{"0":[6,2]},"meta":{"lastBranch":1,"lastFunction":1,"lastStatement":2,"seen":{"s:3:15:19:Infinity":0,"f:3:15:3:16":0,"s:4:2:17:Infinity":1,"b:8:10:8:Infinity:9:10:12:Infinity":0}}}
,"/home/thegera/Documents/findep/threejs_portfolio/src/components/CanvasLoader.tsx": {"path":"/home/thegera/Documents/findep/threejs_portfolio/src/components/CanvasLoader.tsx","statementMap":{"0":{"start":{"line":3,"column":21},"end":{"line":20,"column":null}},"1":{"start":{"line":5,"column":19},"end":{"line":5,"column":null}},"2":{"start":{"line":8,"column":2},"end":{"line":18,"column":null}}},"fnMap":{"0":{"name":"(anonymous_0)","decl":{"start":{"line":3,"column":21},"end":{"line":3,"column":27}},"loc":{"start":{"line":3,"column":27},"end":{"line":20,"column":null}},"line":3}},"branchMap":{"0":{"loc":{"start":{"line":16,"column":10},"end":{"line":16,"column":null}},"type":"cond-expr","locations":[{"start":{"line":16,"column":27},"end":{"line":16,"column":63}},{"start":{"line":16,"column":63},"end":{"line":16,"column":null}}],"line":16}},"s":{"0":1,"1":2,"2":2},"f":{"0":2},"b":{"0":[1,1]},"meta":{"lastBranch":1,"lastFunction":1,"lastStatement":3,"seen":{"s:3:21:20:Infinity":0,"f:3:21:3:27":0,"s:5:19:5:Infinity":1,"s:8:2:18:Infinity":2,"b:16:27:16:63:16:63:16:Infinity":0}}}
,"/home/thegera/Documents/findep/threejs_portfolio/src/components/ContactButton.tsx": {"path":"/home/thegera/Documents/findep/threejs_portfolio/src/components/ContactButton.tsx","statementMap":{"0":{"start":{"line":2,"column":22},"end":{"line":8,"column":null}},"1":{"start":{"line":3,"column":2},"end":{"line":6,"column":null}}},"fnMap":{"0":{"name":"(anonymous_0)","decl":{"start":{"line":2,"column":22},"end":{"line":2,"column":28}},"loc":{"start":{"line":2,"column":28},"end":{"line":8,"column":null}},"line":2}},"branchMap":{},"s":{"0":1,"1":1},"f":{"0":1},"b":{},"meta":{"lastBranch":0,"lastFunction":1,"lastStatement":2,"seen":{"s:2:22:8:Infinity":0,"f:2:22:2:28":0,"s:3:2:6:Infinity":1}}}
,"/home/thegera/Documents/findep/threejs_portfolio/src/components/CvLink.tsx": {"path":"/home/thegera/Documents/findep/threejs_portfolio/src/components/CvLink.tsx","statementMap":{"0":{"start":{"line":3,"column":15},"end":{"line":9,"column":null}},"1":{"start":{"line":4,"column":2},"end":{"line":7,"column":null}}},"fnMap":{"0":{"name":"(anonymous_0)","decl":{"start":{"line":3,"column":15},"end":{"line":3,"column":21}},"loc":{"start":{"line":3,"column":21},"end":{"line":9,"column":null}},"line":3}},"branchMap":{},"s":{"0":1,"1":1},"f":{"0":1},"b":{},"meta":{"lastBranch":0,"lastFunction":1,"lastStatement":2,"seen":{"s:3:15:9:Infinity":0,"f:3:15:3:21":0,"s:4:2:7:Infinity":1}}}
,"/home/thegera/Documents/findep/threejs_portfolio/src/components/FooterLink.tsx": {"path":"/home/thegera/Documents/findep/threejs_portfolio/src/components/FooterLink.tsx","statementMap":{"0":{"start":{"line":3,"column":19},"end":{"line":9,"column":null}},"1":{"start":{"line":4,"column":2},"end":{"line":7,"column":null}},"2":{"start":{"line":5,"column":92},"end":{"line":5,"column":null}}},"fnMap":{"0":{"name":"(anonymous_0)","decl":{"start":{"line":3,"column":19},"end":{"line":3,"column":20}},"loc":{"start":{"line":3,"column":57},"end":{"line":9,"column":null}},"line":3},"1":{"name":"(anonymous_1)","decl":{"start":{"line":5,"column":92},"end":{"line":5,"column":98}},"loc":{"start":{"line":5,"column":92},"end":{"line":5,"column":null}},"line":5}},"branchMap":{},"s":{"0":1,"1":2,"2":1},"f":{"0":2,"1":1},"b":{},"meta":{"lastBranch":0,"lastFunction":2,"lastStatement":3,"seen":{"s:3:19:9:Infinity":0,"f:3:19:3:20":0,"s:4:2:7:Infinity":1,"f:5:92:5:98":1,"s:5:92:5:Infinity":2}}}
,"/home/thegera/Documents/findep/threejs_portfolio/src/components/LinkTextIcon.tsx": {"path":"/home/thegera/Documents/findep/threejs_portfolio/src/components/LinkTextIcon.tsx","statementMap":{"0":{"start":{"line":2,"column":21},"end":{"line":9,"column":null}},"1":{"start":{"line":3,"column":2},"end":{"line":7,"column":null}}},"fnMap":{"0":{"name":"(anonymous_0)","decl":{"start":{"line":2,"column":21},"end":{"line":2,"column":22}},"loc":{"start":{"line":2,"column":65},"end":{"line":9,"column":null}},"line":2}},"branchMap":{},"s":{"0":1,"1":3},"f":{"0":3},"b":{},"meta":{"lastBranch":0,"lastFunction":1,"lastStatement":2,"seen":{"s:2:21:9:Infinity":0,"f:2:21:2:22":0,"s:3:2:7:Infinity":1}}}
,"/home/thegera/Documents/findep/threejs_portfolio/src/components/SocialMedia.tsx": {"path":"/home/thegera/Documents/findep/threejs_portfolio/src/components/SocialMedia.tsx","statementMap":{"0":{"start":{"line":4,"column":20},"end":{"line":18,"column":null}},"1":{"start":{"line":5,"column":2},"end":{"line":16,"column":null}},"2":{"start":{"line":7,"column":78},"end":{"line":7,"column":null}},"3":{"start":{"line":10,"column":78},"end":{"line":10,"column":null}},"4":{"start":{"line":13,"column":78},"end":{"line":13,"column":null}}},"fnMap":{"0":{"name":"(anonymous_0)","decl":{"start":{"line":4,"column":20},"end":{"line":4,"column":26}},"loc":{"start":{"line":4,"column":26},"end":{"line":18,"column":null}},"line":4},"1":{"name":"(anonymous_1)","decl":{"start":{"line":7,"column":78},"end":{"line":7,"column":90}},"loc":{"start":{"line":7,"column":78},"end":{"line":7,"column":null}},"line":7},"2":{"name":"(anonymous_2)","decl":{"start":{"line":10,"column":78},"end":{"line":10,"column":90}},"loc":{"start":{"line":10,"column":78},"end":{"line":10,"column":null}},"line":10},"3":{"name":"(anonymous_3)","decl":{"start":{"line":13,"column":78},"end":{"line":13,"column":90}},"loc":{"start":{"line":13,"column":78},"end":{"line":13,"column":null}},"line":13}},"branchMap":{},"s":{"0":1,"1":4,"2":1,"3":1,"4":1},"f":{"0":4,"1":1,"2":1,"3":1},"b":{},"meta":{"lastBranch":0,"lastFunction":4,"lastStatement":5,"seen":{"s:4:20:18:Infinity":0,"f:4:20:4:26":0,"s:5:2:16:Infinity":1,"f:7:78:7:90":1,"s:7:78:7:Infinity":2,"f:10:78:10:90":2,"s:10:78:10:Infinity":3,"f:13:78:13:90":3,"s:13:78:13:Infinity":4}}}
,"/home/thegera/Documents/findep/threejs_portfolio/src/components/Toast.tsx": {"path":"/home/thegera/Documents/findep/threejs_portfolio/src/components/Toast.tsx","statementMap":{"0":{"start":{"line":3,"column":14},"end":{"line":9,"column":null}},"1":{"start":{"line":4,"column":2},"end":{"line":7,"column":null}}},"fnMap":{"0":{"name":"(anonymous_0)","decl":{"start":{"line":3,"column":14},"end":{"line":3,"column":15}},"loc":{"start":{"line":3,"column":45},"end":{"line":9,"column":null}},"line":3}},"branchMap":{"0":{"loc":{"start":{"line":5,"column":39},"end":{"line":5,"column":89}},"type":"cond-expr","locations":[{"start":{"line":5,"column":60},"end":{"line":5,"column":77}},{"start":{"line":5,"column":77},"end":{"line":5,"column":89}}],"line":5}},"s":{"0":1,"1":3},"f":{"0":3},"b":{"0":[2,1]},"meta":{"lastBranch":1,"lastFunction":1,"lastStatement":2,"seen":{"s:3:14:9:Infinity":0,"f:3:14:3:15":0,"s:4:2:7:Infinity":1,"b:5:60:5:77:5:77:5:89":0}}}
,"/home/thegera/Documents/findep/threejs_portfolio/src/constants/Strings.ts": {"path":"/home/thegera/Documents/findep/threejs_portfolio/src/constants/Strings.ts","statementMap":{"0":{"start":{"line":2,"column":23},"end":{"line":10,"column":null}}},"fnMap":{},"branchMap":{},"s":{"0":4},"f":{},"b":{},"meta":{"lastBranch":0,"lastFunction":0,"lastStatement":1,"seen":{"s:2:23:10:Infinity":0}}}
,"/home/thegera/Documents/findep/threejs_portfolio/src/constants/index.ts": {"path":"/home/thegera/Documents/findep/threejs_portfolio/src/constants/index.ts","statementMap":{"0":{"start":{"line":4,"column":34},"end":{"line":10,"column":null}},"1":{"start":{"line":47,"column":37},"end":{"line":282,"column":null}},"2":{"start":{"line":284,"column":50},"end":{"line":293,"column":null}},"3":{"start":{"line":285,"column":2},"end":{"line":292,"column":null}},"4":{"start":{"line":295,"column":52},"end":{"line":323,"column":null}}},"fnMap":{"0":{"name":"(anonymous_0)","decl":{"start":{"line":284,"column":50},"end":{"line":284,"column":51}},"loc":{"start":{"line":284,"column":110},"end":{"line":293,"column":null}},"line":284}},"branchMap":{"0":{"loc":{"start":{"line":286,"column":15},"end":{"line":286,"column":null}},"type":"cond-expr","locations":[{"start":{"line":286,"column":30},"end":{"line":286,"column":37}},{"start":{"line":286,"column":37},"end":{"line":286,"column":null}}],"line":286},"1":{"loc":{"start":{"line":286,"column":37},"end":{"line":286,"column":null}},"type":"cond-expr","locations":[{"start":{"line":286,"column":53},"end":{"line":286,"column":60}},{"start":{"line":286,"column":60},"end":{"line":286,"column":null}}],"line":286},"2":{"loc":{"start":{"line":287,"column":18},"end":{"line":287,"column":null}},"type":"cond-expr","locations":[{"start":{"line":287,"column":34},"end":{"line":287,"column":51}},{"start":{"line":287,"column":51},"end":{"line":287,"column":null}}],"line":287},"3":{"loc":{"start":{"line":288,"column":24},"end":{"line":288,"column":null}},"type":"cond-expr","locations":[{"start":{"line":288,"column":39},"end":{"line":288,"column":55}},{"start":{"line":288,"column":55},"end":{"line":288,"column":null}}],"line":288},"4":{"loc":{"start":{"line":288,"column":55},"end":{"line":288,"column":null}},"type":"cond-expr","locations":[{"start":{"line":288,"column":71},"end":{"line":288,"column":86}},{"start":{"line":288,"column":86},"end":{"line":288,"column":null}}],"line":288},"5":{"loc":{"start":{"line":288,"column":86},"end":{"line":288,"column":null}},"type":"cond-expr","locations":[{"start":{"line":288,"column":102},"end":{"line":288,"column":119}},{"start":{"line":288,"column":119},"end":{"line":288,"column":null}}],"line":288},"6":{"loc":{"start":{"line":289,"column":23},"end":{"line":289,"column":null}},"type":"cond-expr","locations":[{"start":{"line":289,"column":38},"end":{"line":289,"column":54}},{"start":{"line":289,"column":54},"end":{"line":289,"column":null}}],"line":289},"7":{"loc":{"start":{"line":289,"column":54},"end":{"line":289,"column":null}},"type":"cond-expr","locations":[{"start":{"line":289,"column":70},"end":{"line":289,"column":84}},{"start":{"line":289,"column":84},"end":{"line":289,"column":null}}],"line":289},"8":{"loc":{"start":{"line":289,"column":84},"end":{"line":289,"column":null}},"type":"cond-expr","locations":[{"start":{"line":289,"column":100},"end":{"line":289,"column":116}},{"start":{"line":289,"column":116},"end":{"line":289,"column":null}}],"line":289},"9":{"loc":{"start":{"line":290,"column":22},"end":{"line":290,"column":null}},"type":"cond-expr","locations":[{"start":{"line":290,"column":37},"end":{"line":290,"column":50}},{"start":{"line":290,"column":50},"end":{"line":290,"column":null}}],"line":290},"10":{"loc":{"start":{"line":290,"column":50},"end":{"line":290,"column":null}},"type":"cond-expr","locations":[{"start":{"line":290,"column":66},"end":{"line":290,"column":81}},{"start":{"line":290,"column":81},"end":{"line":290,"column":null}}],"line":290},"11":{"loc":{"start":{"line":290,"column":81},"end":{"line":290,"column":null}},"type":"cond-expr","locations":[{"start":{"line":290,"column":97},"end":{"line":290,"column":110}},{"start":{"line":290,"column":110},"end":{"line":290,"column":null}}],"line":290},"12":{"loc":{"start":{"line":291,"column":20},"end":{"line":291,"column":null}},"type":"cond-expr","locations":[{"start":{"line":291,"column":35},"end":{"line":291,"column":52}},{"start":{"line":291,"column":52},"end":{"line":291,"column":null}}],"line":291},"13":{"loc":{"start":{"line":291,"column":52},"end":{"line":291,"column":null}},"type":"cond-expr","locations":[{"start":{"line":291,"column":68},"end":{"line":291,"column":85}},{"start":{"line":291,"column":85},"end":{"line":291,"column":null}}],"line":291},"14":{"loc":{"start":{"line":291,"column":85},"end":{"line":291,"column":null}},"type":"cond-expr","locations":[{"start":{"line":291,"column":101},"end":{"line":291,"column":118}},{"start":{"line":291,"column":118},"end":{"line":291,"column":null}}],"line":291}},"s":{"0":2,"1":2,"2":2,"3":0,"4":2},"f":{"0":0},"b":{"0":[0,0],"1":[0,0],"2":[0,0],"3":[0,0],"4":[0,0],"5":[0,0],"6":[0,0],"7":[0,0],"8":[0,0],"9":[0,0],"10":[0,0],"11":[0,0],"12":[0,0],"13":[0,0],"14":[0,0]},"meta":{"lastBranch":15,"lastFunction":1,"lastStatement":5,"seen":{"s:4:34:10:Infinity":0,"s:47:37:282:Infinity":1,"s:284:50:293:Infinity":2,"f:284:50:284:51":0,"s:285:2:292:Infinity":3,"b:286:30:286:37:286:37:286:Infinity":0,"b:286:53:286:60:286:60:286:Infinity":1,"b:287:34:287:51:287:51:287:Infinity":2,"b:288:39:288:55:288:55:288:Infinity":3,"b:288:71:288:86:288:86:288:Infinity":4,"b:288:102:288:119:288:119:288:Infinity":5,"b:289:38:289:54:289:54:289:Infinity":6,"b:289:70:289:84:289:84:289:Infinity":7,"b:289:100:289:116:289:116:289:Infinity":8,"b:290:37:290:50:290:50:290:Infinity":9,"b:290:66:290:81:290:81:290:Infinity":10,"b:290:97:290:110:290:110:290:Infinity":11,"b:291:35:291:52:291:52:291:Infinity":12,"b:291:68:291:85:291:85:291:Infinity":13,"b:291:101:291:118:291:118:291:Infinity":14,"s:295:52:323:Infinity":4}}}
,"/home/thegera/Documents/findep/threejs_portfolio/src/sections/footer/Footer.tsx": {"path":"/home/thegera/Documents/findep/threejs_portfolio/src/sections/footer/Footer.tsx","statementMap":{"0":{"start":{"line":5,"column":15},"end":{"line":13,"column":null}},"1":{"start":{"line":6,"column":2},"end":{"line":11,"column":null}}},"fnMap":{"0":{"name":"(anonymous_0)","decl":{"start":{"line":5,"column":15},"end":{"line":5,"column":21}},"loc":{"start":{"line":5,"column":21},"end":{"line":13,"column":null}},"line":5}},"branchMap":{},"s":{"0":1,"1":1},"f":{"0":1},"b":{},"meta":{"lastBranch":0,"lastFunction":1,"lastStatement":2,"seen":{"s:5:15:13:Infinity":0,"f:5:15:5:21":0,"s:6:2:11:Infinity":1}}}
,"/home/thegera/Documents/findep/threejs_portfolio/src/sections/hero/Hero.tsx": {"path":"/home/thegera/Documents/findep/threejs_portfolio/src/sections/hero/Hero.tsx","statementMap":{"0":{"start":{"line":7,"column":13},"end":{"line":19,"column":null}},"1":{"start":{"line":8,"column":8},"end":{"line":8,"column":null}},"2":{"start":{"line":9,"column":8},"end":{"line":9,"column":null}},"3":{"start":{"line":10,"column":8},"end":{"line":10,"column":null}},"4":{"start":{"line":11,"column":8},"end":{"line":11,"column":null}},"5":{"start":{"line":12,"column":2},"end":{"line":17,"column":null}}},"fnMap":{"0":{"name":"(anonymous_0)","decl":{"start":{"line":7,"column":13},"end":{"line":7,"column":19}},"loc":{"start":{"line":7,"column":19},"end":{"line":19,"column":null}},"line":7}},"branchMap":{},"s":{"0":1,"1":1,"2":1,"3":1,"4":1,"5":1},"f":{"0":1},"b":{},"meta":{"lastBranch":0,"lastFunction":1,"lastStatement":6,"seen":{"s:7:13:19:Infinity":0,"f:7:13:7:19":0,"s:8:8:8:Infinity":1,"s:9:8:9:Infinity":2,"s:10:8:10:Infinity":3,"s:11:8:11:Infinity":4,"s:12:2:17:Infinity":5}}}
,"/home/thegera/Documents/findep/threejs_portfolio/src/sections/navbar/NavItems.tsx": {"path":"/home/thegera/Documents/findep/threejs_portfolio/src/sections/navbar/NavItems.tsx","statementMap":{"0":{"start":{"line":4,"column":17},"end":{"line":17,"column":null}},"1":{"start":{"line":6,"column":2},"end":{"line":15,"column":null}},"2":{"start":{"line":9,"column":8},"end":{"line":13,"column":null}}},"fnMap":{"0":{"name":"(anonymous_0)","decl":{"start":{"line":4,"column":17},"end":{"line":4,"column":18}},"loc":{"start":{"line":4,"column":50},"end":{"line":17,"column":null}},"line":4},"1":{"name":"(anonymous_1)","decl":{"start":{"line":8,"column":21},"end":{"line":8,"column":22}},"loc":{"start":{"line":9,"column":8},"end":{"line":13,"column":null}},"line":9}},"branchMap":{},"s":{"0":2,"1":10,"2":50},"f":{"0":10,"1":50},"b":{},"meta":{"lastBranch":0,"lastFunction":2,"lastStatement":3,"seen":{"s:4:17:17:Infinity":0,"f:4:17:4:18":0,"s:6:2:15:Infinity":1,"f:8:21:8:22":1,"s:9:8:13:Infinity":2}}}
,"/home/thegera/Documents/findep/threejs_portfolio/src/sections/navbar/Navbar.tsx": {"path":"/home/thegera/Documents/findep/threejs_portfolio/src/sections/navbar/Navbar.tsx","statementMap":{"0":{"start":{"line":5,"column":15},"end":{"line":35,"column":null}},"1":{"start":{"line":6,"column":34},"end":{"line":6,"column":null}},"2":{"start":{"line":9,"column":21},"end":{"line":9,"column":null}},"3":{"start":{"line":9,"column":27},"end":{"line":9,"column":null}},"4":{"start":{"line":9,"column":61},"end":{"line":9,"column":76}},"5":{"start":{"line":11,"column":2},"end":{"line":33,"column":null}}},"fnMap":{"0":{"name":"(anonymous_0)","decl":{"start":{"line":5,"column":15},"end":{"line":5,"column":21}},"loc":{"start":{"line":5,"column":21},"end":{"line":35,"column":null}},"line":5},"1":{"name":"(anonymous_1)","decl":{"start":{"line":9,"column":21},"end":{"line":9,"column":27}},"loc":{"start":{"line":9,"column":27},"end":{"line":9,"column":null}},"line":9},"2":{"name":"(anonymous_2)","decl":{"start":{"line":9,"column":41},"end":{"line":9,"column":42}},"loc":{"start":{"line":9,"column":61},"end":{"line":9,"column":76}},"line":9}},"branchMap":{"0":{"loc":{"start":{"line":22,"column":22},"end":{"line":22,"column":75}},"type":"cond-expr","locations":[{"start":{"line":22,"column":35},"end":{"line":22,"column":56}},{"start":{"line":22,"column":56},"end":{"line":22,"column":75}}],"line":22},"1":{"loc":{"start":{"line":29,"column":37},"end":{"line":29,"column":76}},"type":"cond-expr","locations":[{"start":{"line":29,"column":50},"end":{"line":29,"column":67}},{"start":{"line":29,"column":67},"end":{"line":29,"column":76}}],"line":29}},"s":{"0":1,"1":4,"2":4,"3":2,"4":2,"5":4},"f":{"0":4,"1":2,"2":2},"b":{"0":[1,3],"1":[1,3]},"meta":{"lastBranch":2,"lastFunction":3,"lastStatement":6,"seen":{"s:5:15:35:Infinity":0,"f:5:15:5:21":0,"s:6:34:6:Infinity":1,"s:9:21:9:Infinity":2,"f:9:21:9:27":1,"s:9:27:9:Infinity":3,"f:9:41:9:42":2,"s:9:61:9:76":4,"s:11:2:33:Infinity":5,"b:22:35:22:56:22:56:22:75":0,"b:29:50:29:67:29:67:29:76":1}}}
,"/home/thegera/Documents/findep/threejs_portfolio/src/utils/contact.ts": {"path":"/home/thegera/Documents/findep/threejs_portfolio/src/utils/contact.ts","statementMap":{"0":{"start":{"line":11,"column":25},"end":{"line":14,"column":null}},"1":{"start":{"line":12,"column":2},"end":{"line":12,"column":null}},"2":{"start":{"line":13,"column":2},"end":{"line":13,"column":null}},"3":{"start":{"line":13,"column":19},"end":{"line":13,"column":35}}},"fnMap":{"0":{"name":"(anonymous_0)","decl":{"start":{"line":11,"column":25},"end":{"line":11,"column":26}},"loc":{"start":{"line":11,"column":122},"end":{"line":14,"column":null}},"line":11},"1":{"name":"(anonymous_1)","decl":{"start":{"line":13,"column":13},"end":{"line":13,"column":19}},"loc":{"start":{"line":13,"column":19},"end":{"line":13,"column":35}},"line":13}},"branchMap":{},"s":{"0":1,"1":2,"2":2,"3":1},"f":{"0":2,"1":1},"b":{},"meta":{"lastBranch":0,"lastFunction":2,"lastStatement":4,"seen":{"s:11:25:14:Infinity":0,"f:11:25:11:26":0,"s:12:2:12:Infinity":1,"s:13:2:13:Infinity":2,"f:13:13:13:19":1,"s:13:19:13:35":3}}}
,"/home/thegera/Documents/findep/threejs_portfolio/src/utils/footer.ts": {"path":"/home/thegera/Documents/findep/threejs_portfolio/src/utils/footer.ts","statementMap":{"0":{"start":{"line":8,"column":23},"end":{"line":28,"column":null}},"1":{"start":{"line":9,"column":2},"end":{"line":27,"column":null}},"2":{"start":{"line":11,"column":6},"end":{"line":11,"column":null}},"3":{"start":{"line":12,"column":6},"end":{"line":12,"column":null}},"4":{"start":{"line":14,"column":6},"end":{"line":14,"column":null}},"5":{"start":{"line":15,"column":6},"end":{"line":15,"column":null}},"6":{"start":{"line":17,"column":6},"end":{"line":17,"column":null}},"7":{"start":{"line":18,"column":6},"end":{"line":18,"column":null}},"8":{"start":{"line":20,"column":6},"end":{"line":20,"column":null}},"9":{"start":{"line":21,"column":6},"end":{"line":21,"column":null}},"10":{"start":{"line":23,"column":6},"end":{"line":23,"column":null}},"11":{"start":{"line":24,"column":6},"end":{"line":24,"column":null}},"12":{"start":{"line":26,"column":6},"end":{"line":26,"column":null}}},"fnMap":{"0":{"name":"(anonymous_0)","decl":{"start":{"line":8,"column":23},"end":{"line":8,"column":24}},"loc":{"start":{"line":8,"column":48},"end":{"line":28,"column":null}},"line":8}},"branchMap":{"0":{"loc":{"start":{"line":9,"column":2},"end":{"line":27,"column":null}},"type":"switch","locations":[{"start":{"line":10,"column":4},"end":{"line":12,"column":null}},{"start":{"line":13,"column":4},"end":{"line":15,"column":null}},{"start":{"line":16,"column":4},"end":{"line":18,"column":null}},{"start":{"line":19,"column":4},"end":{"line":21,"column":null}},{"start":{"line":22,"column":4},"end":{"line":24,"column":null}},{"start":{"line":25,"column":4},"end":{"line":26,"column":null}}],"line":9}},"s":{"0":1,"1":6,"2":1,"3":1,"4":1,"5":1,"6":1,"7":1,"8":1,"9":1,"10":1,"11":1,"12":1},"f":{"0":6},"b":{"0":[1,1,1,1,1,1]},"meta":{"lastBranch":1,"lastFunction":1,"lastStatement":13,"seen":{"s:8:23:28:Infinity":0,"f:8:23:8:24":0,"b:10:4:12:Infinity:13:4:15:Infinity:16:4:18:Infinity:19:4:21:Infinity:22:4:24:Infinity:25:4:26:Infinity":0,"s:9:2:27:Infinity":1,"s:11:6:11:Infinity":2,"s:12:6:12:Infinity":3,"s:14:6:14:Infinity":4,"s:15:6:15:Infinity":5,"s:17:6:17:Infinity":6,"s:18:6:18:Infinity":7,"s:20:6:20:Infinity":8,"s:21:6:21:Infinity":9,"s:23:6:23:Infinity":10,"s:24:6:24:Infinity":11,"s:26:6:26:Infinity":12}}}
,"/home/thegera/Documents/findep/threejs_portfolio/src/utils/projects.ts": {"path":"/home/thegera/Documents/findep/threejs_portfolio/src/utils/projects.ts","statementMap":{"0":{"start":{"line":13,"column":54},"end":{"line":23,"column":null}},"1":{"start":{"line":16,"column":4},"end":{"line":22,"column":null}},"2":{"start":{"line":17,"column":6},"end":{"line":21,"column":null}},"3":{"start":{"line":18,"column":8},"end":{"line":18,"column":null}},"4":{"start":{"line":20,"column":8},"end":{"line":20,"column":null}}},"fnMap":{"0":{"name":"(anonymous_0)","decl":{"start":{"line":13,"column":54},"end":{"line":13,"column":null}},"loc":{"start":{"line":15,"column":11},"end":{"line":23,"column":null}},"line":15},"1":{"name":"(anonymous_1)","decl":{"start":{"line":16,"column":11},"end":{"line":16,"column":12}},"loc":{"start":{"line":16,"column":34},"end":{"line":22,"column":5}},"line":16}},"branchMap":{"0":{"loc":{"start":{"line":17,"column":6},"end":{"line":21,"column":null}},"type":"if","locations":[{"start":{"line":17,"column":6},"end":{"line":21,"column":null}},{"start":{"line":19,"column":13},"end":{"line":21,"column":null}}],"line":17},"1":{"loc":{"start":{"line":18,"column":15},"end":{"line":18,"column":null}},"type":"cond-expr","locations":[{"start":{"line":18,"column":33},"end":{"line":18,"column":55}},{"start":{"line":18,"column":55},"end":{"line":18,"column":null}}],"line":18},"2":{"loc":{"start":{"line":20,"column":15},"end":{"line":20,"column":null}},"type":"cond-expr","locations":[{"start":{"line":20,"column":51},"end":{"line":20,"column":55}},{"start":{"line":20,"column":55},"end":{"line":20,"column":null}}],"line":20}},"s":{"0":1,"1":4,"2":8,"3":4,"4":4},"f":{"0":4,"1":8},"b":{"0":[4,4],"1":[2,2],"2":[2,2]},"meta":{"lastBranch":3,"lastFunction":2,"lastStatement":5,"seen":{"s:13:54:23:Infinity":0,"f:13:54:13:Infinity":0,"s:16:4:22:Infinity":1,"f:16:11:16:12":1,"b:17:6:21:Infinity:19:13:21:Infinity":0,"s:17:6:21:Infinity":2,"s:18:8:18:Infinity":3,"b:18:33:18:55:18:55:18:Infinity":1,"s:20:8:20:Infinity":4,"b:20:51:20:55:20:55:20:Infinity":2}}}
}
